2021-03-01 15:29:48,737 ERROR 8812 nodejs.unhandledExceptionError: read ECONNRESET
    at TCP.onStreamRead (internal/stream_base_commons.js:208:20)
errno: "ECONNRESET"
code: "ECONNRESET"
syscall: "read"
name: "unhandledExceptionError"
pid: 8812
hostname: LAPTOP-6KU4E8LP

2021-03-01 16:06:30,972 ERROR 19652 nodejs.unhandledExceptionError: read ECONNRESET
    at TCP.onStreamRead (internal/stream_base_commons.js:208:20)
errno: "ECONNRESET"
code: "ECONNRESET"
syscall: "read"
name: "unhandledExceptionError"
pid: 19652
hostname: LAPTOP-6KU4E8LP

2021-03-01 16:07:27,482 ERROR 19652 nodejs.unhandledExceptionError: read ECONNRESET
    at TCP.onStreamRead (internal/stream_base_commons.js:208:20)
errno: "ECONNRESET"
code: "ECONNRESET"
syscall: "read"
name: "unhandledExceptionError"
pid: 19652
hostname: LAPTOP-6KU4E8LP

2021-03-01 16:21:59,177 ERROR 19652 nodejs.unhandledExceptionError: read ECONNRESET
    at TCP.onStreamRead (internal/stream_base_commons.js:208:20)
errno: "ECONNRESET"
code: "ECONNRESET"
syscall: "read"
name: "unhandledExceptionError"
pid: 19652
hostname: LAPTOP-6KU4E8LP

2021-03-01 16:25:38,924 ERROR 19652 nodejs.unhandledExceptionError: ENOENT: no such file or directory, stat 'C:\Users\Joker\Desktop\node层脚手架搭建\BFF-Cli\app.js'
    at Object.statSync (fs.js:1016:3)
    at DevelopmentEventSource._onFsWatchChange (C:\Users\Joker\Desktop\node层脚手架搭建\BFF-Cli\node_modules\egg-watcher\lib\event-sources\development.js:82:16)
    at FSWatcher.emit (events.js:314:20)
    at FSEvent.FSWatcher._handle.onchange (internal/fs/watchers.js:135:12)
errno: -4058
syscall: "stat"
code: "ENOENT"
path: "C:\\Users\\Joker\\Desktop\\node层脚手架搭建\\BFF-Cli\\app.js"
name: "unhandledExceptionError"
pid: 19652
hostname: LAPTOP-6KU4E8LP

