2021-03-01 15:16:10,617 INFO 15368 [Timer] C:\Users\Joker\Desktop\node层脚手架搭建\BFF-Cli\node_modules\egg-multipart\app\schedule\clean_tmpdir.js next time will execute after 47629385ms at 2021-03-02 04:30:00.002
2021-03-01 15:16:10,617 INFO 15368 [Timer] C:\Users\Joker\Desktop\node层脚手架搭建\BFF-Cli\node_modules\egg-logrotator\app\schedule\clean_log.js next time will execute after 31429383ms at 2021-03-02 00:00:00.000
2021-03-01 15:16:10,617 INFO 15368 [Timer] C:\Users\Joker\Desktop\node层脚手架搭建\BFF-Cli\node_modules\egg-logrotator\app\schedule\rotate_by_file.js next time will execute after 31430383ms at 2021-03-02 00:00:01.000
2021-03-01 15:16:10,479 INFO 10924 [egg-schedule]: register schedule C:\Users\Joker\Desktop\node层脚手架搭建\BFF-Cli\node_modules\egg-multipart\app\schedule\clean_tmpdir.js
2021-03-01 15:16:10,479 INFO 10924 [egg-schedule]: register schedule C:\Users\Joker\Desktop\node层脚手架搭建\BFF-Cli\node_modules\egg-logrotator\app\schedule\clean_log.js
2021-03-01 15:16:10,479 INFO 10924 [egg-schedule]: register schedule C:\Users\Joker\Desktop\node层脚手架搭建\BFF-Cli\node_modules\egg-logrotator\app\schedule\rotate_by_file.js
2021-03-01 15:24:17,660 INFO 13424 [Timer] C:\Users\Joker\Desktop\node层脚手架搭建\BFF-Cli\node_modules\egg-multipart\app\schedule\clean_tmpdir.js next time will execute after 47142342ms at 2021-03-02 04:30:00.002
2021-03-01 15:24:17,660 INFO 13424 [Timer] C:\Users\Joker\Desktop\node层脚手架搭建\BFF-Cli\node_modules\egg-logrotator\app\schedule\clean_log.js next time will execute after 30942340ms at 2021-03-02 00:00:00.000
2021-03-01 15:24:17,661 INFO 13424 [Timer] C:\Users\Joker\Desktop\node层脚手架搭建\BFF-Cli\node_modules\egg-logrotator\app\schedule\rotate_by_file.js next time will execute after 30943340ms at 2021-03-02 00:00:01.001
2021-03-01 15:24:17,522 INFO 10380 [egg-schedule]: register schedule C:\Users\Joker\Desktop\node层脚手架搭建\BFF-Cli\node_modules\egg-multipart\app\schedule\clean_tmpdir.js
2021-03-01 15:24:17,522 INFO 10380 [egg-schedule]: register schedule C:\Users\Joker\Desktop\node层脚手架搭建\BFF-Cli\node_modules\egg-logrotator\app\schedule\clean_log.js
2021-03-01 15:24:17,522 INFO 10380 [egg-schedule]: register schedule C:\Users\Joker\Desktop\node层脚手架搭建\BFF-Cli\node_modules\egg-logrotator\app\schedule\rotate_by_file.js
2021-03-01 15:24:53,843 INFO 5192 [egg-schedule]: register schedule C:\Users\Joker\Desktop\node层脚手架搭建\BFF-Cli\node_modules\egg-multipart\app\schedule\clean_tmpdir.js
2021-03-01 15:24:53,843 INFO 5192 [egg-schedule]: register schedule C:\Users\Joker\Desktop\node层脚手架搭建\BFF-Cli\node_modules\egg-logrotator\app\schedule\clean_log.js
2021-03-01 15:24:53,843 INFO 5192 [egg-schedule]: register schedule C:\Users\Joker\Desktop\node层脚手架搭建\BFF-Cli\node_modules\egg-logrotator\app\schedule\rotate_by_file.js
2021-03-01 15:24:54,798 INFO 15416 [egg-schedule]: register schedule C:\Users\Joker\Desktop\node层脚手架搭建\BFF-Cli\node_modules\egg-multipart\app\schedule\clean_tmpdir.js
2021-03-01 15:24:54,798 INFO 15416 [egg-schedule]: register schedule C:\Users\Joker\Desktop\node层脚手架搭建\BFF-Cli\node_modules\egg-logrotator\app\schedule\clean_log.js
2021-03-01 15:24:54,798 INFO 15416 [egg-schedule]: register schedule C:\Users\Joker\Desktop\node层脚手架搭建\BFF-Cli\node_modules\egg-logrotator\app\schedule\rotate_by_file.js
2021-03-01 15:25:10,410 INFO 8812 [Timer] C:\Users\Joker\Desktop\node层脚手架搭建\BFF-Cli\node_modules\egg-multipart\app\schedule\clean_tmpdir.js next time will execute after 47089593ms at 2021-03-02 04:30:00.003
2021-03-01 15:25:10,410 INFO 8812 [Timer] C:\Users\Joker\Desktop\node层脚手架搭建\BFF-Cli\node_modules\egg-logrotator\app\schedule\clean_log.js next time will execute after 30889590ms at 2021-03-02 00:00:00.000
2021-03-01 15:25:10,410 INFO 8812 [Timer] C:\Users\Joker\Desktop\node层脚手架搭建\BFF-Cli\node_modules\egg-logrotator\app\schedule\rotate_by_file.js next time will execute after 30890590ms at 2021-03-02 00:00:01.000
2021-03-01 15:25:10,278 INFO 14516 [egg-schedule]: register schedule C:\Users\Joker\Desktop\node层脚手架搭建\BFF-Cli\node_modules\egg-multipart\app\schedule\clean_tmpdir.js
2021-03-01 15:25:10,278 INFO 14516 [egg-schedule]: register schedule C:\Users\Joker\Desktop\node层脚手架搭建\BFF-Cli\node_modules\egg-logrotator\app\schedule\clean_log.js
2021-03-01 15:25:10,278 INFO 14516 [egg-schedule]: register schedule C:\Users\Joker\Desktop\node层脚手架搭建\BFF-Cli\node_modules\egg-logrotator\app\schedule\rotate_by_file.js
2021-03-01 15:25:21,681 INFO 20060 [egg-schedule]: register schedule C:\Users\Joker\Desktop\node层脚手架搭建\BFF-Cli\node_modules\egg-multipart\app\schedule\clean_tmpdir.js
2021-03-01 15:25:21,681 INFO 20060 [egg-schedule]: register schedule C:\Users\Joker\Desktop\node层脚手架搭建\BFF-Cli\node_modules\egg-logrotator\app\schedule\clean_log.js
2021-03-01 15:25:21,681 INFO 20060 [egg-schedule]: register schedule C:\Users\Joker\Desktop\node层脚手架搭建\BFF-Cli\node_modules\egg-logrotator\app\schedule\rotate_by_file.js
2021-03-01 15:25:22,601 INFO 19284 [egg-schedule]: register schedule C:\Users\Joker\Desktop\node层脚手架搭建\BFF-Cli\node_modules\egg-multipart\app\schedule\clean_tmpdir.js
2021-03-01 15:25:22,601 INFO 19284 [egg-schedule]: register schedule C:\Users\Joker\Desktop\node层脚手架搭建\BFF-Cli\node_modules\egg-logrotator\app\schedule\clean_log.js
2021-03-01 15:25:22,601 INFO 19284 [egg-schedule]: register schedule C:\Users\Joker\Desktop\node层脚手架搭建\BFF-Cli\node_modules\egg-logrotator\app\schedule\rotate_by_file.js
2021-03-01 15:28:04,727 INFO 20052 [egg-schedule]: register schedule C:\Users\Joker\Desktop\node层脚手架搭建\BFF-Cli\node_modules\egg-multipart\app\schedule\clean_tmpdir.js
2021-03-01 15:28:04,727 INFO 20052 [egg-schedule]: register schedule C:\Users\Joker\Desktop\node层脚手架搭建\BFF-Cli\node_modules\egg-logrotator\app\schedule\clean_log.js
2021-03-01 15:28:04,727 INFO 20052 [egg-schedule]: register schedule C:\Users\Joker\Desktop\node层脚手架搭建\BFF-Cli\node_modules\egg-logrotator\app\schedule\rotate_by_file.js
2021-03-01 15:28:24,522 INFO 5060 [egg-schedule]: register schedule C:\Users\Joker\Desktop\node层脚手架搭建\BFF-Cli\node_modules\egg-multipart\app\schedule\clean_tmpdir.js
2021-03-01 15:28:24,522 INFO 5060 [egg-schedule]: register schedule C:\Users\Joker\Desktop\node层脚手架搭建\BFF-Cli\node_modules\egg-logrotator\app\schedule\clean_log.js
2021-03-01 15:28:24,522 INFO 5060 [egg-schedule]: register schedule C:\Users\Joker\Desktop\node层脚手架搭建\BFF-Cli\node_modules\egg-logrotator\app\schedule\rotate_by_file.js
2021-03-01 15:29:44,164 INFO 12632 [egg-schedule]: register schedule C:\Users\Joker\Desktop\node层脚手架搭建\BFF-Cli\node_modules\egg-multipart\app\schedule\clean_tmpdir.js
2021-03-01 15:29:44,164 INFO 12632 [egg-schedule]: register schedule C:\Users\Joker\Desktop\node层脚手架搭建\BFF-Cli\node_modules\egg-logrotator\app\schedule\clean_log.js
2021-03-01 15:29:44,164 INFO 12632 [egg-schedule]: register schedule C:\Users\Joker\Desktop\node层脚手架搭建\BFF-Cli\node_modules\egg-logrotator\app\schedule\rotate_by_file.js
2021-03-01 15:29:47,686 INFO 19764 [egg-schedule]: register schedule C:\Users\Joker\Desktop\node层脚手架搭建\BFF-Cli\node_modules\egg-multipart\app\schedule\clean_tmpdir.js
2021-03-01 15:29:47,686 INFO 19764 [egg-schedule]: register schedule C:\Users\Joker\Desktop\node层脚手架搭建\BFF-Cli\node_modules\egg-logrotator\app\schedule\clean_log.js
2021-03-01 15:29:47,686 INFO 19764 [egg-schedule]: register schedule C:\Users\Joker\Desktop\node层脚手架搭建\BFF-Cli\node_modules\egg-logrotator\app\schedule\rotate_by_file.js
2021-03-01 15:30:53,803 INFO 2528 [Timer] C:\Users\Joker\Desktop\node层脚手架搭建\BFF-Cli\node_modules\egg-multipart\app\schedule\clean_tmpdir.js next time will execute after 46746199ms at 2021-03-02 04:30:00.002
2021-03-01 15:30:53,804 INFO 2528 [Timer] C:\Users\Joker\Desktop\node层脚手架搭建\BFF-Cli\node_modules\egg-logrotator\app\schedule\clean_log.js next time will execute after 30546196ms at 2021-03-02 00:00:00.000
2021-03-01 15:30:53,806 INFO 2528 [Timer] C:\Users\Joker\Desktop\node层脚手架搭建\BFF-Cli\node_modules\egg-logrotator\app\schedule\rotate_by_file.js next time will execute after 30547196ms at 2021-03-02 00:00:01.000
2021-03-01 15:30:53,672 INFO 16320 [egg-schedule]: register schedule C:\Users\Joker\Desktop\node层脚手架搭建\BFF-Cli\node_modules\egg-multipart\app\schedule\clean_tmpdir.js
2021-03-01 15:30:53,672 INFO 16320 [egg-schedule]: register schedule C:\Users\Joker\Desktop\node层脚手架搭建\BFF-Cli\node_modules\egg-logrotator\app\schedule\clean_log.js
2021-03-01 15:30:53,672 INFO 16320 [egg-schedule]: register schedule C:\Users\Joker\Desktop\node层脚手架搭建\BFF-Cli\node_modules\egg-logrotator\app\schedule\rotate_by_file.js
2021-03-01 15:40:39,378 INFO 19492 [egg-schedule]: register schedule C:\Users\Joker\Desktop\node层脚手架搭建\BFF-Cli\node_modules\egg-multipart\app\schedule\clean_tmpdir.js
2021-03-01 15:40:39,378 INFO 19492 [egg-schedule]: register schedule C:\Users\Joker\Desktop\node层脚手架搭建\BFF-Cli\node_modules\egg-logrotator\app\schedule\clean_log.js
2021-03-01 15:40:39,378 INFO 19492 [egg-schedule]: register schedule C:\Users\Joker\Desktop\node层脚手架搭建\BFF-Cli\node_modules\egg-logrotator\app\schedule\rotate_by_file.js
2021-03-01 15:40:43,508 INFO 11080 [egg-schedule]: register schedule C:\Users\Joker\Desktop\node层脚手架搭建\BFF-Cli\node_modules\egg-multipart\app\schedule\clean_tmpdir.js
2021-03-01 15:40:43,508 INFO 11080 [egg-schedule]: register schedule C:\Users\Joker\Desktop\node层脚手架搭建\BFF-Cli\node_modules\egg-logrotator\app\schedule\clean_log.js
2021-03-01 15:40:43,508 INFO 11080 [egg-schedule]: register schedule C:\Users\Joker\Desktop\node层脚手架搭建\BFF-Cli\node_modules\egg-logrotator\app\schedule\rotate_by_file.js
2021-03-01 15:40:44,753 INFO 13524 [egg-schedule]: register schedule C:\Users\Joker\Desktop\node层脚手架搭建\BFF-Cli\node_modules\egg-multipart\app\schedule\clean_tmpdir.js
2021-03-01 15:40:44,754 INFO 13524 [egg-schedule]: register schedule C:\Users\Joker\Desktop\node层脚手架搭建\BFF-Cli\node_modules\egg-logrotator\app\schedule\clean_log.js
2021-03-01 15:40:44,754 INFO 13524 [egg-schedule]: register schedule C:\Users\Joker\Desktop\node层脚手架搭建\BFF-Cli\node_modules\egg-logrotator\app\schedule\rotate_by_file.js
2021-03-01 15:40:46,114 INFO 3592 [egg-schedule]: register schedule C:\Users\Joker\Desktop\node层脚手架搭建\BFF-Cli\node_modules\egg-multipart\app\schedule\clean_tmpdir.js
2021-03-01 15:40:46,114 INFO 3592 [egg-schedule]: register schedule C:\Users\Joker\Desktop\node层脚手架搭建\BFF-Cli\node_modules\egg-logrotator\app\schedule\clean_log.js
2021-03-01 15:40:46,114 INFO 3592 [egg-schedule]: register schedule C:\Users\Joker\Desktop\node层脚手架搭建\BFF-Cli\node_modules\egg-logrotator\app\schedule\rotate_by_file.js
2021-03-01 15:41:22,858 INFO 17512 [egg-schedule]: register schedule C:\Users\Joker\Desktop\node层脚手架搭建\BFF-Cli\node_modules\egg-multipart\app\schedule\clean_tmpdir.js
2021-03-01 15:41:22,859 INFO 17512 [egg-schedule]: register schedule C:\Users\Joker\Desktop\node层脚手架搭建\BFF-Cli\node_modules\egg-logrotator\app\schedule\clean_log.js
2021-03-01 15:41:22,859 INFO 17512 [egg-schedule]: register schedule C:\Users\Joker\Desktop\node层脚手架搭建\BFF-Cli\node_modules\egg-logrotator\app\schedule\rotate_by_file.js
2021-03-01 15:41:25,796 INFO 17396 [egg-schedule]: register schedule C:\Users\Joker\Desktop\node层脚手架搭建\BFF-Cli\node_modules\egg-multipart\app\schedule\clean_tmpdir.js
2021-03-01 15:41:25,796 INFO 17396 [egg-schedule]: register schedule C:\Users\Joker\Desktop\node层脚手架搭建\BFF-Cli\node_modules\egg-logrotator\app\schedule\clean_log.js
2021-03-01 15:41:25,796 INFO 17396 [egg-schedule]: register schedule C:\Users\Joker\Desktop\node层脚手架搭建\BFF-Cli\node_modules\egg-logrotator\app\schedule\rotate_by_file.js
2021-03-01 15:42:46,663 INFO 19652 [Timer] C:\Users\Joker\Desktop\node层脚手架搭建\BFF-Cli\node_modules\egg-multipart\app\schedule\clean_tmpdir.js next time will execute after 46033340ms at 2021-03-02 04:30:00.003
2021-03-01 15:42:46,663 INFO 19652 [Timer] C:\Users\Joker\Desktop\node层脚手架搭建\BFF-Cli\node_modules\egg-logrotator\app\schedule\clean_log.js next time will execute after 29833337ms at 2021-03-02 00:00:00.000
2021-03-01 15:42:46,663 INFO 19652 [Timer] C:\Users\Joker\Desktop\node层脚手架搭建\BFF-Cli\node_modules\egg-logrotator\app\schedule\rotate_by_file.js next time will execute after 29834337ms at 2021-03-02 00:00:01.000
2021-03-01 15:42:46,533 INFO 19164 [egg-schedule]: register schedule C:\Users\Joker\Desktop\node层脚手架搭建\BFF-Cli\node_modules\egg-multipart\app\schedule\clean_tmpdir.js
2021-03-01 15:42:46,533 INFO 19164 [egg-schedule]: register schedule C:\Users\Joker\Desktop\node层脚手架搭建\BFF-Cli\node_modules\egg-logrotator\app\schedule\clean_log.js
2021-03-01 15:42:46,533 INFO 19164 [egg-schedule]: register schedule C:\Users\Joker\Desktop\node层脚手架搭建\BFF-Cli\node_modules\egg-logrotator\app\schedule\rotate_by_file.js
2021-03-01 15:44:53,107 INFO 7040 [egg-schedule]: register schedule C:\Users\Joker\Desktop\node层脚手架搭建\BFF-Cli\node_modules\egg-multipart\app\schedule\clean_tmpdir.js
2021-03-01 15:44:53,108 INFO 7040 [egg-schedule]: register schedule C:\Users\Joker\Desktop\node层脚手架搭建\BFF-Cli\node_modules\egg-logrotator\app\schedule\clean_log.js
2021-03-01 15:44:53,108 INFO 7040 [egg-schedule]: register schedule C:\Users\Joker\Desktop\node层脚手架搭建\BFF-Cli\node_modules\egg-logrotator\app\schedule\rotate_by_file.js
2021-03-01 15:44:54,023 INFO 17424 [egg-schedule]: register schedule C:\Users\Joker\Desktop\node层脚手架搭建\BFF-Cli\node_modules\egg-multipart\app\schedule\clean_tmpdir.js
2021-03-01 15:44:54,023 INFO 17424 [egg-schedule]: register schedule C:\Users\Joker\Desktop\node层脚手架搭建\BFF-Cli\node_modules\egg-logrotator\app\schedule\clean_log.js
2021-03-01 15:44:54,023 INFO 17424 [egg-schedule]: register schedule C:\Users\Joker\Desktop\node层脚手架搭建\BFF-Cli\node_modules\egg-logrotator\app\schedule\rotate_by_file.js
2021-03-01 15:45:29,207 INFO 5300 [egg-schedule]: register schedule C:\Users\Joker\Desktop\node层脚手架搭建\BFF-Cli\node_modules\egg-multipart\app\schedule\clean_tmpdir.js
2021-03-01 15:45:29,207 INFO 5300 [egg-schedule]: register schedule C:\Users\Joker\Desktop\node层脚手架搭建\BFF-Cli\node_modules\egg-logrotator\app\schedule\clean_log.js
2021-03-01 15:45:29,207 INFO 5300 [egg-schedule]: register schedule C:\Users\Joker\Desktop\node层脚手架搭建\BFF-Cli\node_modules\egg-logrotator\app\schedule\rotate_by_file.js
2021-03-01 15:45:40,803 INFO 4132 [egg-schedule]: register schedule C:\Users\Joker\Desktop\node层脚手架搭建\BFF-Cli\node_modules\egg-multipart\app\schedule\clean_tmpdir.js
2021-03-01 15:45:40,803 INFO 4132 [egg-schedule]: register schedule C:\Users\Joker\Desktop\node层脚手架搭建\BFF-Cli\node_modules\egg-logrotator\app\schedule\clean_log.js
2021-03-01 15:45:40,803 INFO 4132 [egg-schedule]: register schedule C:\Users\Joker\Desktop\node层脚手架搭建\BFF-Cli\node_modules\egg-logrotator\app\schedule\rotate_by_file.js
2021-03-01 15:45:42,229 INFO 14520 [egg-schedule]: register schedule C:\Users\Joker\Desktop\node层脚手架搭建\BFF-Cli\node_modules\egg-multipart\app\schedule\clean_tmpdir.js
2021-03-01 15:45:42,229 INFO 14520 [egg-schedule]: register schedule C:\Users\Joker\Desktop\node层脚手架搭建\BFF-Cli\node_modules\egg-logrotator\app\schedule\clean_log.js
2021-03-01 15:45:42,229 INFO 14520 [egg-schedule]: register schedule C:\Users\Joker\Desktop\node层脚手架搭建\BFF-Cli\node_modules\egg-logrotator\app\schedule\rotate_by_file.js
2021-03-01 15:46:20,858 INFO 12036 [egg-schedule]: register schedule C:\Users\Joker\Desktop\node层脚手架搭建\BFF-Cli\node_modules\egg-multipart\app\schedule\clean_tmpdir.js
2021-03-01 15:46:20,858 INFO 12036 [egg-schedule]: register schedule C:\Users\Joker\Desktop\node层脚手架搭建\BFF-Cli\node_modules\egg-logrotator\app\schedule\clean_log.js
2021-03-01 15:46:20,858 INFO 12036 [egg-schedule]: register schedule C:\Users\Joker\Desktop\node层脚手架搭建\BFF-Cli\node_modules\egg-logrotator\app\schedule\rotate_by_file.js
2021-03-01 15:46:21,890 INFO 17396 [egg-schedule]: register schedule C:\Users\Joker\Desktop\node层脚手架搭建\BFF-Cli\node_modules\egg-multipart\app\schedule\clean_tmpdir.js
2021-03-01 15:46:21,890 INFO 17396 [egg-schedule]: register schedule C:\Users\Joker\Desktop\node层脚手架搭建\BFF-Cli\node_modules\egg-logrotator\app\schedule\clean_log.js
2021-03-01 15:46:21,890 INFO 17396 [egg-schedule]: register schedule C:\Users\Joker\Desktop\node层脚手架搭建\BFF-Cli\node_modules\egg-logrotator\app\schedule\rotate_by_file.js
2021-03-01 15:47:01,930 INFO 20196 [egg-schedule]: register schedule C:\Users\Joker\Desktop\node层脚手架搭建\BFF-Cli\node_modules\egg-multipart\app\schedule\clean_tmpdir.js
2021-03-01 15:47:01,930 INFO 20196 [egg-schedule]: register schedule C:\Users\Joker\Desktop\node层脚手架搭建\BFF-Cli\node_modules\egg-logrotator\app\schedule\clean_log.js
2021-03-01 15:47:01,930 INFO 20196 [egg-schedule]: register schedule C:\Users\Joker\Desktop\node层脚手架搭建\BFF-Cli\node_modules\egg-logrotator\app\schedule\rotate_by_file.js
2021-03-01 15:50:30,768 INFO 8512 [egg-schedule]: register schedule C:\Users\Joker\Desktop\node层脚手架搭建\BFF-Cli\node_modules\egg-multipart\app\schedule\clean_tmpdir.js
2021-03-01 15:50:30,768 INFO 8512 [egg-schedule]: register schedule C:\Users\Joker\Desktop\node层脚手架搭建\BFF-Cli\node_modules\egg-logrotator\app\schedule\clean_log.js
2021-03-01 15:50:30,768 INFO 8512 [egg-schedule]: register schedule C:\Users\Joker\Desktop\node层脚手架搭建\BFF-Cli\node_modules\egg-logrotator\app\schedule\rotate_by_file.js
2021-03-01 16:02:01,512 INFO 16780 [egg-schedule]: register schedule C:\Users\Joker\Desktop\node层脚手架搭建\BFF-Cli\node_modules\egg-multipart\app\schedule\clean_tmpdir.js
2021-03-01 16:02:01,512 INFO 16780 [egg-schedule]: register schedule C:\Users\Joker\Desktop\node层脚手架搭建\BFF-Cli\node_modules\egg-logrotator\app\schedule\clean_log.js
2021-03-01 16:02:01,512 INFO 16780 [egg-schedule]: register schedule C:\Users\Joker\Desktop\node层脚手架搭建\BFF-Cli\node_modules\egg-logrotator\app\schedule\rotate_by_file.js
2021-03-01 16:02:02,686 INFO 17588 [egg-schedule]: register schedule C:\Users\Joker\Desktop\node层脚手架搭建\BFF-Cli\node_modules\egg-multipart\app\schedule\clean_tmpdir.js
2021-03-01 16:02:02,686 INFO 17588 [egg-schedule]: register schedule C:\Users\Joker\Desktop\node层脚手架搭建\BFF-Cli\node_modules\egg-logrotator\app\schedule\clean_log.js
2021-03-01 16:02:02,686 INFO 17588 [egg-schedule]: register schedule C:\Users\Joker\Desktop\node层脚手架搭建\BFF-Cli\node_modules\egg-logrotator\app\schedule\rotate_by_file.js
2021-03-01 16:02:37,159 INFO 19360 [egg-schedule]: register schedule C:\Users\Joker\Desktop\node层脚手架搭建\BFF-Cli\node_modules\egg-multipart\app\schedule\clean_tmpdir.js
2021-03-01 16:02:37,159 INFO 19360 [egg-schedule]: register schedule C:\Users\Joker\Desktop\node层脚手架搭建\BFF-Cli\node_modules\egg-logrotator\app\schedule\clean_log.js
2021-03-01 16:02:37,159 INFO 19360 [egg-schedule]: register schedule C:\Users\Joker\Desktop\node层脚手架搭建\BFF-Cli\node_modules\egg-logrotator\app\schedule\rotate_by_file.js
2021-03-01 16:02:38,146 INFO 3180 [egg-schedule]: register schedule C:\Users\Joker\Desktop\node层脚手架搭建\BFF-Cli\node_modules\egg-multipart\app\schedule\clean_tmpdir.js
2021-03-01 16:02:38,146 INFO 3180 [egg-schedule]: register schedule C:\Users\Joker\Desktop\node层脚手架搭建\BFF-Cli\node_modules\egg-logrotator\app\schedule\clean_log.js
2021-03-01 16:02:38,146 INFO 3180 [egg-schedule]: register schedule C:\Users\Joker\Desktop\node层脚手架搭建\BFF-Cli\node_modules\egg-logrotator\app\schedule\rotate_by_file.js
2021-03-01 16:05:08,695 INFO 15584 [egg-schedule]: register schedule C:\Users\Joker\Desktop\node层脚手架搭建\BFF-Cli\node_modules\egg-multipart\app\schedule\clean_tmpdir.js
2021-03-01 16:05:08,695 INFO 15584 [egg-schedule]: register schedule C:\Users\Joker\Desktop\node层脚手架搭建\BFF-Cli\node_modules\egg-logrotator\app\schedule\clean_log.js
2021-03-01 16:05:08,695 INFO 15584 [egg-schedule]: register schedule C:\Users\Joker\Desktop\node层脚手架搭建\BFF-Cli\node_modules\egg-logrotator\app\schedule\rotate_by_file.js
2021-03-01 16:05:13,141 INFO 9712 [egg-schedule]: register schedule C:\Users\Joker\Desktop\node层脚手架搭建\BFF-Cli\node_modules\egg-multipart\app\schedule\clean_tmpdir.js
2021-03-01 16:05:13,141 INFO 9712 [egg-schedule]: register schedule C:\Users\Joker\Desktop\node层脚手架搭建\BFF-Cli\node_modules\egg-logrotator\app\schedule\clean_log.js
2021-03-01 16:05:13,141 INFO 9712 [egg-schedule]: register schedule C:\Users\Joker\Desktop\node层脚手架搭建\BFF-Cli\node_modules\egg-logrotator\app\schedule\rotate_by_file.js
2021-03-01 16:05:14,175 INFO 5780 [egg-schedule]: register schedule C:\Users\Joker\Desktop\node层脚手架搭建\BFF-Cli\node_modules\egg-multipart\app\schedule\clean_tmpdir.js
2021-03-01 16:05:14,175 INFO 5780 [egg-schedule]: register schedule C:\Users\Joker\Desktop\node层脚手架搭建\BFF-Cli\node_modules\egg-logrotator\app\schedule\clean_log.js
2021-03-01 16:05:14,175 INFO 5780 [egg-schedule]: register schedule C:\Users\Joker\Desktop\node层脚手架搭建\BFF-Cli\node_modules\egg-logrotator\app\schedule\rotate_by_file.js
2021-03-01 16:05:56,899 INFO 12720 [egg-schedule]: register schedule C:\Users\Joker\Desktop\node层脚手架搭建\BFF-Cli\node_modules\egg-multipart\app\schedule\clean_tmpdir.js
2021-03-01 16:05:56,899 INFO 12720 [egg-schedule]: register schedule C:\Users\Joker\Desktop\node层脚手架搭建\BFF-Cli\node_modules\egg-logrotator\app\schedule\clean_log.js
2021-03-01 16:05:56,899 INFO 12720 [egg-schedule]: register schedule C:\Users\Joker\Desktop\node层脚手架搭建\BFF-Cli\node_modules\egg-logrotator\app\schedule\rotate_by_file.js
2021-03-01 16:06:02,459 INFO 20348 [egg-schedule]: register schedule C:\Users\Joker\Desktop\node层脚手架搭建\BFF-Cli\node_modules\egg-multipart\app\schedule\clean_tmpdir.js
2021-03-01 16:06:02,459 INFO 20348 [egg-schedule]: register schedule C:\Users\Joker\Desktop\node层脚手架搭建\BFF-Cli\node_modules\egg-logrotator\app\schedule\clean_log.js
2021-03-01 16:06:02,459 INFO 20348 [egg-schedule]: register schedule C:\Users\Joker\Desktop\node层脚手架搭建\BFF-Cli\node_modules\egg-logrotator\app\schedule\rotate_by_file.js
2021-03-01 16:06:06,874 INFO 18892 [egg-schedule]: register schedule C:\Users\Joker\Desktop\node层脚手架搭建\BFF-Cli\node_modules\egg-multipart\app\schedule\clean_tmpdir.js
2021-03-01 16:06:06,874 INFO 18892 [egg-schedule]: register schedule C:\Users\Joker\Desktop\node层脚手架搭建\BFF-Cli\node_modules\egg-logrotator\app\schedule\clean_log.js
2021-03-01 16:06:06,874 INFO 18892 [egg-schedule]: register schedule C:\Users\Joker\Desktop\node层脚手架搭建\BFF-Cli\node_modules\egg-logrotator\app\schedule\rotate_by_file.js
2021-03-01 16:06:19,802 INFO 5712 [egg-schedule]: register schedule C:\Users\Joker\Desktop\node层脚手架搭建\BFF-Cli\node_modules\egg-multipart\app\schedule\clean_tmpdir.js
2021-03-01 16:06:19,802 INFO 5712 [egg-schedule]: register schedule C:\Users\Joker\Desktop\node层脚手架搭建\BFF-Cli\node_modules\egg-logrotator\app\schedule\clean_log.js
2021-03-01 16:06:19,802 INFO 5712 [egg-schedule]: register schedule C:\Users\Joker\Desktop\node层脚手架搭建\BFF-Cli\node_modules\egg-logrotator\app\schedule\rotate_by_file.js
2021-03-01 16:06:28,161 INFO 11152 [egg-schedule]: register schedule C:\Users\Joker\Desktop\node层脚手架搭建\BFF-Cli\node_modules\egg-multipart\app\schedule\clean_tmpdir.js
2021-03-01 16:06:28,161 INFO 11152 [egg-schedule]: register schedule C:\Users\Joker\Desktop\node层脚手架搭建\BFF-Cli\node_modules\egg-logrotator\app\schedule\clean_log.js
2021-03-01 16:06:28,161 INFO 11152 [egg-schedule]: register schedule C:\Users\Joker\Desktop\node层脚手架搭建\BFF-Cli\node_modules\egg-logrotator\app\schedule\rotate_by_file.js
2021-03-01 16:06:29,804 INFO 9532 [egg-schedule]: register schedule C:\Users\Joker\Desktop\node层脚手架搭建\BFF-Cli\node_modules\egg-multipart\app\schedule\clean_tmpdir.js
2021-03-01 16:06:29,804 INFO 9532 [egg-schedule]: register schedule C:\Users\Joker\Desktop\node层脚手架搭建\BFF-Cli\node_modules\egg-logrotator\app\schedule\clean_log.js
2021-03-01 16:06:29,804 INFO 9532 [egg-schedule]: register schedule C:\Users\Joker\Desktop\node层脚手架搭建\BFF-Cli\node_modules\egg-logrotator\app\schedule\rotate_by_file.js
2021-03-01 16:06:30,932 INFO 17704 [egg-schedule]: register schedule C:\Users\Joker\Desktop\node层脚手架搭建\BFF-Cli\node_modules\egg-multipart\app\schedule\clean_tmpdir.js
2021-03-01 16:06:30,932 INFO 17704 [egg-schedule]: register schedule C:\Users\Joker\Desktop\node层脚手架搭建\BFF-Cli\node_modules\egg-logrotator\app\schedule\clean_log.js
2021-03-01 16:06:30,932 INFO 17704 [egg-schedule]: register schedule C:\Users\Joker\Desktop\node层脚手架搭建\BFF-Cli\node_modules\egg-logrotator\app\schedule\rotate_by_file.js
2021-03-01 16:06:52,142 INFO 13952 [egg-schedule]: register schedule C:\Users\Joker\Desktop\node层脚手架搭建\BFF-Cli\node_modules\egg-multipart\app\schedule\clean_tmpdir.js
2021-03-01 16:06:52,142 INFO 13952 [egg-schedule]: register schedule C:\Users\Joker\Desktop\node层脚手架搭建\BFF-Cli\node_modules\egg-logrotator\app\schedule\clean_log.js
2021-03-01 16:06:52,142 INFO 13952 [egg-schedule]: register schedule C:\Users\Joker\Desktop\node层脚手架搭建\BFF-Cli\node_modules\egg-logrotator\app\schedule\rotate_by_file.js
2021-03-01 16:07:10,008 INFO 4944 [egg-schedule]: register schedule C:\Users\Joker\Desktop\node层脚手架搭建\BFF-Cli\node_modules\egg-multipart\app\schedule\clean_tmpdir.js
2021-03-01 16:07:10,008 INFO 4944 [egg-schedule]: register schedule C:\Users\Joker\Desktop\node层脚手架搭建\BFF-Cli\node_modules\egg-logrotator\app\schedule\clean_log.js
2021-03-01 16:07:10,008 INFO 4944 [egg-schedule]: register schedule C:\Users\Joker\Desktop\node层脚手架搭建\BFF-Cli\node_modules\egg-logrotator\app\schedule\rotate_by_file.js
2021-03-01 16:07:11,426 INFO 19876 [egg-schedule]: register schedule C:\Users\Joker\Desktop\node层脚手架搭建\BFF-Cli\node_modules\egg-multipart\app\schedule\clean_tmpdir.js
2021-03-01 16:07:11,426 INFO 19876 [egg-schedule]: register schedule C:\Users\Joker\Desktop\node层脚手架搭建\BFF-Cli\node_modules\egg-logrotator\app\schedule\clean_log.js
2021-03-01 16:07:11,426 INFO 19876 [egg-schedule]: register schedule C:\Users\Joker\Desktop\node层脚手架搭建\BFF-Cli\node_modules\egg-logrotator\app\schedule\rotate_by_file.js
2021-03-01 16:07:13,686 INFO 1708 [egg-schedule]: register schedule C:\Users\Joker\Desktop\node层脚手架搭建\BFF-Cli\node_modules\egg-multipart\app\schedule\clean_tmpdir.js
2021-03-01 16:07:13,686 INFO 1708 [egg-schedule]: register schedule C:\Users\Joker\Desktop\node层脚手架搭建\BFF-Cli\node_modules\egg-logrotator\app\schedule\clean_log.js
2021-03-01 16:07:13,686 INFO 1708 [egg-schedule]: register schedule C:\Users\Joker\Desktop\node层脚手架搭建\BFF-Cli\node_modules\egg-logrotator\app\schedule\rotate_by_file.js
2021-03-01 16:07:26,365 INFO 3364 [egg-schedule]: register schedule C:\Users\Joker\Desktop\node层脚手架搭建\BFF-Cli\node_modules\egg-multipart\app\schedule\clean_tmpdir.js
2021-03-01 16:07:26,365 INFO 3364 [egg-schedule]: register schedule C:\Users\Joker\Desktop\node层脚手架搭建\BFF-Cli\node_modules\egg-logrotator\app\schedule\clean_log.js
2021-03-01 16:07:26,365 INFO 3364 [egg-schedule]: register schedule C:\Users\Joker\Desktop\node层脚手架搭建\BFF-Cli\node_modules\egg-logrotator\app\schedule\rotate_by_file.js
2021-03-01 16:07:27,547 INFO 9940 [egg-schedule]: register schedule C:\Users\Joker\Desktop\node层脚手架搭建\BFF-Cli\node_modules\egg-multipart\app\schedule\clean_tmpdir.js
2021-03-01 16:07:27,547 INFO 9940 [egg-schedule]: register schedule C:\Users\Joker\Desktop\node层脚手架搭建\BFF-Cli\node_modules\egg-logrotator\app\schedule\clean_log.js
2021-03-01 16:07:27,547 INFO 9940 [egg-schedule]: register schedule C:\Users\Joker\Desktop\node层脚手架搭建\BFF-Cli\node_modules\egg-logrotator\app\schedule\rotate_by_file.js
2021-03-01 16:12:00,883 INFO 16480 [egg-schedule]: register schedule C:\Users\Joker\Desktop\node层脚手架搭建\BFF-Cli\node_modules\egg-multipart\app\schedule\clean_tmpdir.js
2021-03-01 16:12:00,883 INFO 16480 [egg-schedule]: register schedule C:\Users\Joker\Desktop\node层脚手架搭建\BFF-Cli\node_modules\egg-logrotator\app\schedule\clean_log.js
2021-03-01 16:12:00,883 INFO 16480 [egg-schedule]: register schedule C:\Users\Joker\Desktop\node层脚手架搭建\BFF-Cli\node_modules\egg-logrotator\app\schedule\rotate_by_file.js
2021-03-01 16:12:02,433 INFO 8076 [egg-schedule]: register schedule C:\Users\Joker\Desktop\node层脚手架搭建\BFF-Cli\node_modules\egg-multipart\app\schedule\clean_tmpdir.js
2021-03-01 16:12:02,433 INFO 8076 [egg-schedule]: register schedule C:\Users\Joker\Desktop\node层脚手架搭建\BFF-Cli\node_modules\egg-logrotator\app\schedule\clean_log.js
2021-03-01 16:12:02,433 INFO 8076 [egg-schedule]: register schedule C:\Users\Joker\Desktop\node层脚手架搭建\BFF-Cli\node_modules\egg-logrotator\app\schedule\rotate_by_file.js
2021-03-01 16:12:35,430 INFO 16948 [egg-schedule]: register schedule C:\Users\Joker\Desktop\node层脚手架搭建\BFF-Cli\node_modules\egg-multipart\app\schedule\clean_tmpdir.js
2021-03-01 16:12:35,430 INFO 16948 [egg-schedule]: register schedule C:\Users\Joker\Desktop\node层脚手架搭建\BFF-Cli\node_modules\egg-logrotator\app\schedule\clean_log.js
2021-03-01 16:12:35,430 INFO 16948 [egg-schedule]: register schedule C:\Users\Joker\Desktop\node层脚手架搭建\BFF-Cli\node_modules\egg-logrotator\app\schedule\rotate_by_file.js
2021-03-01 16:12:44,304 INFO 18200 [egg-schedule]: register schedule C:\Users\Joker\Desktop\node层脚手架搭建\BFF-Cli\node_modules\egg-multipart\app\schedule\clean_tmpdir.js
2021-03-01 16:12:44,304 INFO 18200 [egg-schedule]: register schedule C:\Users\Joker\Desktop\node层脚手架搭建\BFF-Cli\node_modules\egg-logrotator\app\schedule\clean_log.js
2021-03-01 16:12:44,304 INFO 18200 [egg-schedule]: register schedule C:\Users\Joker\Desktop\node层脚手架搭建\BFF-Cli\node_modules\egg-logrotator\app\schedule\rotate_by_file.js
2021-03-01 16:13:03,579 INFO 11152 [egg-schedule]: register schedule C:\Users\Joker\Desktop\node层脚手架搭建\BFF-Cli\node_modules\egg-multipart\app\schedule\clean_tmpdir.js
2021-03-01 16:13:03,579 INFO 11152 [egg-schedule]: register schedule C:\Users\Joker\Desktop\node层脚手架搭建\BFF-Cli\node_modules\egg-logrotator\app\schedule\clean_log.js
2021-03-01 16:13:03,579 INFO 11152 [egg-schedule]: register schedule C:\Users\Joker\Desktop\node层脚手架搭建\BFF-Cli\node_modules\egg-logrotator\app\schedule\rotate_by_file.js
2021-03-01 16:13:04,575 INFO 16276 [egg-schedule]: register schedule C:\Users\Joker\Desktop\node层脚手架搭建\BFF-Cli\node_modules\egg-multipart\app\schedule\clean_tmpdir.js
2021-03-01 16:13:04,575 INFO 16276 [egg-schedule]: register schedule C:\Users\Joker\Desktop\node层脚手架搭建\BFF-Cli\node_modules\egg-logrotator\app\schedule\clean_log.js
2021-03-01 16:13:04,575 INFO 16276 [egg-schedule]: register schedule C:\Users\Joker\Desktop\node层脚手架搭建\BFF-Cli\node_modules\egg-logrotator\app\schedule\rotate_by_file.js
2021-03-01 16:13:10,973 INFO 8868 [egg-schedule]: register schedule C:\Users\Joker\Desktop\node层脚手架搭建\BFF-Cli\node_modules\egg-multipart\app\schedule\clean_tmpdir.js
2021-03-01 16:13:10,973 INFO 8868 [egg-schedule]: register schedule C:\Users\Joker\Desktop\node层脚手架搭建\BFF-Cli\node_modules\egg-logrotator\app\schedule\clean_log.js
2021-03-01 16:13:10,973 INFO 8868 [egg-schedule]: register schedule C:\Users\Joker\Desktop\node层脚手架搭建\BFF-Cli\node_modules\egg-logrotator\app\schedule\rotate_by_file.js
2021-03-01 16:19:53,890 INFO 17536 [egg-schedule]: register schedule C:\Users\Joker\Desktop\node层脚手架搭建\BFF-Cli\node_modules\egg-multipart\app\schedule\clean_tmpdir.js
2021-03-01 16:19:53,890 INFO 17536 [egg-schedule]: register schedule C:\Users\Joker\Desktop\node层脚手架搭建\BFF-Cli\node_modules\egg-logrotator\app\schedule\clean_log.js
2021-03-01 16:19:53,890 INFO 17536 [egg-schedule]: register schedule C:\Users\Joker\Desktop\node层脚手架搭建\BFF-Cli\node_modules\egg-logrotator\app\schedule\rotate_by_file.js
2021-03-01 16:19:54,786 INFO 3364 [egg-schedule]: register schedule C:\Users\Joker\Desktop\node层脚手架搭建\BFF-Cli\node_modules\egg-multipart\app\schedule\clean_tmpdir.js
2021-03-01 16:19:54,786 INFO 3364 [egg-schedule]: register schedule C:\Users\Joker\Desktop\node层脚手架搭建\BFF-Cli\node_modules\egg-logrotator\app\schedule\clean_log.js
2021-03-01 16:19:54,786 INFO 3364 [egg-schedule]: register schedule C:\Users\Joker\Desktop\node层脚手架搭建\BFF-Cli\node_modules\egg-logrotator\app\schedule\rotate_by_file.js
2021-03-01 16:21:00,306 INFO 19220 [egg-schedule]: register schedule C:\Users\Joker\Desktop\node层脚手架搭建\BFF-Cli\node_modules\egg-multipart\app\schedule\clean_tmpdir.js
2021-03-01 16:21:00,306 INFO 19220 [egg-schedule]: register schedule C:\Users\Joker\Desktop\node层脚手架搭建\BFF-Cli\node_modules\egg-logrotator\app\schedule\clean_log.js
2021-03-01 16:21:00,306 INFO 19220 [egg-schedule]: register schedule C:\Users\Joker\Desktop\node层脚手架搭建\BFF-Cli\node_modules\egg-logrotator\app\schedule\rotate_by_file.js
2021-03-01 16:21:01,252 INFO 5692 [egg-schedule]: register schedule C:\Users\Joker\Desktop\node层脚手架搭建\BFF-Cli\node_modules\egg-multipart\app\schedule\clean_tmpdir.js
2021-03-01 16:21:01,252 INFO 5692 [egg-schedule]: register schedule C:\Users\Joker\Desktop\node层脚手架搭建\BFF-Cli\node_modules\egg-logrotator\app\schedule\clean_log.js
2021-03-01 16:21:01,252 INFO 5692 [egg-schedule]: register schedule C:\Users\Joker\Desktop\node层脚手架搭建\BFF-Cli\node_modules\egg-logrotator\app\schedule\rotate_by_file.js
2021-03-01 16:21:24,093 INFO 20168 [egg-schedule]: register schedule C:\Users\Joker\Desktop\node层脚手架搭建\BFF-Cli\node_modules\egg-multipart\app\schedule\clean_tmpdir.js
2021-03-01 16:21:24,093 INFO 20168 [egg-schedule]: register schedule C:\Users\Joker\Desktop\node层脚手架搭建\BFF-Cli\node_modules\egg-logrotator\app\schedule\clean_log.js
2021-03-01 16:21:24,093 INFO 20168 [egg-schedule]: register schedule C:\Users\Joker\Desktop\node层脚手架搭建\BFF-Cli\node_modules\egg-logrotator\app\schedule\rotate_by_file.js
2021-03-01 16:21:25,657 INFO 11676 [egg-schedule]: register schedule C:\Users\Joker\Desktop\node层脚手架搭建\BFF-Cli\node_modules\egg-multipart\app\schedule\clean_tmpdir.js
2021-03-01 16:21:25,657 INFO 11676 [egg-schedule]: register schedule C:\Users\Joker\Desktop\node层脚手架搭建\BFF-Cli\node_modules\egg-logrotator\app\schedule\clean_log.js
2021-03-01 16:21:25,657 INFO 11676 [egg-schedule]: register schedule C:\Users\Joker\Desktop\node层脚手架搭建\BFF-Cli\node_modules\egg-logrotator\app\schedule\rotate_by_file.js
2021-03-01 16:21:26,539 INFO 1416 [egg-schedule]: register schedule C:\Users\Joker\Desktop\node层脚手架搭建\BFF-Cli\node_modules\egg-multipart\app\schedule\clean_tmpdir.js
2021-03-01 16:21:26,539 INFO 1416 [egg-schedule]: register schedule C:\Users\Joker\Desktop\node层脚手架搭建\BFF-Cli\node_modules\egg-logrotator\app\schedule\clean_log.js
2021-03-01 16:21:26,539 INFO 1416 [egg-schedule]: register schedule C:\Users\Joker\Desktop\node层脚手架搭建\BFF-Cli\node_modules\egg-logrotator\app\schedule\rotate_by_file.js
2021-03-01 16:21:30,789 INFO 4864 [egg-schedule]: register schedule C:\Users\Joker\Desktop\node层脚手架搭建\BFF-Cli\node_modules\egg-multipart\app\schedule\clean_tmpdir.js
2021-03-01 16:21:30,789 INFO 4864 [egg-schedule]: register schedule C:\Users\Joker\Desktop\node层脚手架搭建\BFF-Cli\node_modules\egg-logrotator\app\schedule\clean_log.js
2021-03-01 16:21:30,789 INFO 4864 [egg-schedule]: register schedule C:\Users\Joker\Desktop\node层脚手架搭建\BFF-Cli\node_modules\egg-logrotator\app\schedule\rotate_by_file.js
2021-03-01 16:21:48,705 INFO 11660 [egg-schedule]: register schedule C:\Users\Joker\Desktop\node层脚手架搭建\BFF-Cli\node_modules\egg-multipart\app\schedule\clean_tmpdir.js
2021-03-01 16:21:48,705 INFO 11660 [egg-schedule]: register schedule C:\Users\Joker\Desktop\node层脚手架搭建\BFF-Cli\node_modules\egg-logrotator\app\schedule\clean_log.js
2021-03-01 16:21:48,705 INFO 11660 [egg-schedule]: register schedule C:\Users\Joker\Desktop\node层脚手架搭建\BFF-Cli\node_modules\egg-logrotator\app\schedule\rotate_by_file.js
2021-03-01 16:21:58,049 INFO 6496 [egg-schedule]: register schedule C:\Users\Joker\Desktop\node层脚手架搭建\BFF-Cli\node_modules\egg-multipart\app\schedule\clean_tmpdir.js
2021-03-01 16:21:58,049 INFO 6496 [egg-schedule]: register schedule C:\Users\Joker\Desktop\node层脚手架搭建\BFF-Cli\node_modules\egg-logrotator\app\schedule\clean_log.js
2021-03-01 16:21:58,049 INFO 6496 [egg-schedule]: register schedule C:\Users\Joker\Desktop\node层脚手架搭建\BFF-Cli\node_modules\egg-logrotator\app\schedule\rotate_by_file.js
2021-03-01 16:21:59,848 INFO 9340 [egg-schedule]: register schedule C:\Users\Joker\Desktop\node层脚手架搭建\BFF-Cli\node_modules\egg-multipart\app\schedule\clean_tmpdir.js
2021-03-01 16:21:59,848 INFO 9340 [egg-schedule]: register schedule C:\Users\Joker\Desktop\node层脚手架搭建\BFF-Cli\node_modules\egg-logrotator\app\schedule\clean_log.js
2021-03-01 16:21:59,848 INFO 9340 [egg-schedule]: register schedule C:\Users\Joker\Desktop\node层脚手架搭建\BFF-Cli\node_modules\egg-logrotator\app\schedule\rotate_by_file.js
2021-03-01 16:22:03,802 INFO 8704 [egg-schedule]: register schedule C:\Users\Joker\Desktop\node层脚手架搭建\BFF-Cli\node_modules\egg-multipart\app\schedule\clean_tmpdir.js
2021-03-01 16:22:03,802 INFO 8704 [egg-schedule]: register schedule C:\Users\Joker\Desktop\node层脚手架搭建\BFF-Cli\node_modules\egg-logrotator\app\schedule\clean_log.js
2021-03-01 16:22:03,802 INFO 8704 [egg-schedule]: register schedule C:\Users\Joker\Desktop\node层脚手架搭建\BFF-Cli\node_modules\egg-logrotator\app\schedule\rotate_by_file.js
2021-03-01 16:26:08,719 INFO 18028 [Timer] C:\Users\Joker\Desktop\node层脚手架搭建\BFF-Cli\node_modules\egg-multipart\app\schedule\clean_tmpdir.js next time will execute after 43431283ms at 2021-03-02 04:30:00.002
2021-03-01 16:26:08,720 INFO 18028 [Timer] C:\Users\Joker\Desktop\node层脚手架搭建\BFF-Cli\node_modules\egg-logrotator\app\schedule\clean_log.js next time will execute after 27231280ms at 2021-03-02 00:00:00.000
2021-03-01 16:26:08,720 INFO 18028 [Timer] C:\Users\Joker\Desktop\node层脚手架搭建\BFF-Cli\node_modules\egg-logrotator\app\schedule\rotate_by_file.js next time will execute after 27232280ms at 2021-03-02 00:00:01.000
2021-03-01 16:26:08,588 INFO 20076 [egg-schedule]: register schedule C:\Users\Joker\Desktop\node层脚手架搭建\BFF-Cli\node_modules\egg-multipart\app\schedule\clean_tmpdir.js
2021-03-01 16:26:08,588 INFO 20076 [egg-schedule]: register schedule C:\Users\Joker\Desktop\node层脚手架搭建\BFF-Cli\node_modules\egg-logrotator\app\schedule\clean_log.js
2021-03-01 16:26:08,588 INFO 20076 [egg-schedule]: register schedule C:\Users\Joker\Desktop\node层脚手架搭建\BFF-Cli\node_modules\egg-logrotator\app\schedule\rotate_by_file.js
2021-03-01 16:29:00,596 INFO 3908 [egg-schedule]: register schedule C:\Users\Joker\Desktop\node层脚手架搭建\BFF-Cli\node_modules\egg-multipart\app\schedule\clean_tmpdir.js
2021-03-01 16:29:00,596 INFO 3908 [egg-schedule]: register schedule C:\Users\Joker\Desktop\node层脚手架搭建\BFF-Cli\node_modules\egg-logrotator\app\schedule\clean_log.js
2021-03-01 16:29:00,596 INFO 3908 [egg-schedule]: register schedule C:\Users\Joker\Desktop\node层脚手架搭建\BFF-Cli\node_modules\egg-logrotator\app\schedule\rotate_by_file.js
2021-03-01 16:29:01,518 INFO 2956 [egg-schedule]: register schedule C:\Users\Joker\Desktop\node层脚手架搭建\BFF-Cli\node_modules\egg-multipart\app\schedule\clean_tmpdir.js
2021-03-01 16:29:01,518 INFO 2956 [egg-schedule]: register schedule C:\Users\Joker\Desktop\node层脚手架搭建\BFF-Cli\node_modules\egg-logrotator\app\schedule\clean_log.js
2021-03-01 16:29:01,518 INFO 2956 [egg-schedule]: register schedule C:\Users\Joker\Desktop\node层脚手架搭建\BFF-Cli\node_modules\egg-logrotator\app\schedule\rotate_by_file.js
2021-03-01 16:29:16,195 INFO 19364 [Timer] C:\Users\Joker\Desktop\node层脚手架搭建\BFF-Cli\node_modules\egg-multipart\app\schedule\clean_tmpdir.js next time will execute after 43243808ms at 2021-03-02 04:30:00.003
2021-03-01 16:29:16,195 INFO 19364 [Timer] C:\Users\Joker\Desktop\node层脚手架搭建\BFF-Cli\node_modules\egg-logrotator\app\schedule\clean_log.js next time will execute after 27043805ms at 2021-03-02 00:00:00.000
2021-03-01 16:29:16,195 INFO 19364 [Timer] C:\Users\Joker\Desktop\node层脚手架搭建\BFF-Cli\node_modules\egg-logrotator\app\schedule\rotate_by_file.js next time will execute after 27044805ms at 2021-03-02 00:00:01.000
2021-03-01 16:29:16,059 INFO 17608 [egg-schedule]: register schedule C:\Users\Joker\Desktop\node层脚手架搭建\BFF-Cli\node_modules\egg-multipart\app\schedule\clean_tmpdir.js
2021-03-01 16:29:16,059 INFO 17608 [egg-schedule]: register schedule C:\Users\Joker\Desktop\node层脚手架搭建\BFF-Cli\node_modules\egg-logrotator\app\schedule\clean_log.js
2021-03-01 16:29:16,059 INFO 17608 [egg-schedule]: register schedule C:\Users\Joker\Desktop\node层脚手架搭建\BFF-Cli\node_modules\egg-logrotator\app\schedule\rotate_by_file.js
2021-03-01 16:29:33,376 INFO 7208 [egg-schedule]: register schedule C:\Users\Joker\Desktop\node层脚手架搭建\BFF-Cli\node_modules\egg-multipart\app\schedule\clean_tmpdir.js
2021-03-01 16:29:33,376 INFO 7208 [egg-schedule]: register schedule C:\Users\Joker\Desktop\node层脚手架搭建\BFF-Cli\node_modules\egg-logrotator\app\schedule\clean_log.js
2021-03-01 16:29:33,376 INFO 7208 [egg-schedule]: register schedule C:\Users\Joker\Desktop\node层脚手架搭建\BFF-Cli\node_modules\egg-logrotator\app\schedule\rotate_by_file.js
2021-03-01 16:29:46,004 INFO 4724 [egg-schedule]: register schedule C:\Users\Joker\Desktop\node层脚手架搭建\BFF-Cli\node_modules\egg-multipart\app\schedule\clean_tmpdir.js
2021-03-01 16:29:46,004 INFO 4724 [egg-schedule]: register schedule C:\Users\Joker\Desktop\node层脚手架搭建\BFF-Cli\node_modules\egg-logrotator\app\schedule\clean_log.js
2021-03-01 16:29:46,004 INFO 4724 [egg-schedule]: register schedule C:\Users\Joker\Desktop\node层脚手架搭建\BFF-Cli\node_modules\egg-logrotator\app\schedule\rotate_by_file.js
2021-03-01 16:29:47,139 INFO 18464 [egg-schedule]: register schedule C:\Users\Joker\Desktop\node层脚手架搭建\BFF-Cli\node_modules\egg-multipart\app\schedule\clean_tmpdir.js
2021-03-01 16:29:47,139 INFO 18464 [egg-schedule]: register schedule C:\Users\Joker\Desktop\node层脚手架搭建\BFF-Cli\node_modules\egg-logrotator\app\schedule\clean_log.js
2021-03-01 16:29:47,139 INFO 18464 [egg-schedule]: register schedule C:\Users\Joker\Desktop\node层脚手架搭建\BFF-Cli\node_modules\egg-logrotator\app\schedule\rotate_by_file.js
2021-03-01 16:29:53,406 INFO 16972 [egg-schedule]: register schedule C:\Users\Joker\Desktop\node层脚手架搭建\BFF-Cli\node_modules\egg-multipart\app\schedule\clean_tmpdir.js
2021-03-01 16:29:53,406 INFO 16972 [egg-schedule]: register schedule C:\Users\Joker\Desktop\node层脚手架搭建\BFF-Cli\node_modules\egg-logrotator\app\schedule\clean_log.js
2021-03-01 16:29:53,406 INFO 16972 [egg-schedule]: register schedule C:\Users\Joker\Desktop\node层脚手架搭建\BFF-Cli\node_modules\egg-logrotator\app\schedule\rotate_by_file.js
2021-03-01 16:29:54,435 INFO 19340 [egg-schedule]: register schedule C:\Users\Joker\Desktop\node层脚手架搭建\BFF-Cli\node_modules\egg-multipart\app\schedule\clean_tmpdir.js
2021-03-01 16:29:54,435 INFO 19340 [egg-schedule]: register schedule C:\Users\Joker\Desktop\node层脚手架搭建\BFF-Cli\node_modules\egg-logrotator\app\schedule\clean_log.js
2021-03-01 16:29:54,435 INFO 19340 [egg-schedule]: register schedule C:\Users\Joker\Desktop\node层脚手架搭建\BFF-Cli\node_modules\egg-logrotator\app\schedule\rotate_by_file.js
2021-03-01 16:31:36,371 INFO 8480 [egg-schedule]: register schedule C:\Users\Joker\Desktop\node层脚手架搭建\BFF-Cli\node_modules\egg-multipart\app\schedule\clean_tmpdir.js
2021-03-01 16:31:36,371 INFO 8480 [egg-schedule]: register schedule C:\Users\Joker\Desktop\node层脚手架搭建\BFF-Cli\node_modules\egg-logrotator\app\schedule\clean_log.js
2021-03-01 16:31:36,371 INFO 8480 [egg-schedule]: register schedule C:\Users\Joker\Desktop\node层脚手架搭建\BFF-Cli\node_modules\egg-logrotator\app\schedule\rotate_by_file.js
2021-03-01 16:31:38,459 INFO 11152 [egg-schedule]: register schedule C:\Users\Joker\Desktop\node层脚手架搭建\BFF-Cli\node_modules\egg-multipart\app\schedule\clean_tmpdir.js
2021-03-01 16:31:38,459 INFO 11152 [egg-schedule]: register schedule C:\Users\Joker\Desktop\node层脚手架搭建\BFF-Cli\node_modules\egg-logrotator\app\schedule\clean_log.js
2021-03-01 16:31:38,459 INFO 11152 [egg-schedule]: register schedule C:\Users\Joker\Desktop\node层脚手架搭建\BFF-Cli\node_modules\egg-logrotator\app\schedule\rotate_by_file.js
